2024-05-16 17:44:03 [restartedMain] INFO  com.example.demo.DemoApplication - Starting DemoApplication using Java 17.0.11 with PID 9824 (C:\Users\abu_mulla\Desktop\Microservice-LoggerAssignment\target\classes started by abu_mulla in C:\Users\abu_mulla\Desktop\Microservice-LoggerAssignment)
2024-05-16 17:44:03 [restartedMain] INFO  com.example.demo.DemoApplication - No active profile set, falling back to 1 default profile: "default"
2024-05-16 17:44:03 [restartedMain] INFO  o.s.b.d.e.DevToolsPropertyDefaultsPostProcessor - Devtools property defaults active! Set 'spring.devtools.add-properties' to 'false' to disable
2024-05-16 17:44:03 [restartedMain] INFO  o.s.b.d.e.DevToolsPropertyDefaultsPostProcessor - For additional web related logging consider setting the 'logging.level.web' property to 'DEBUG'
2024-05-16 17:44:05 [restartedMain] INFO  o.s.d.r.c.RepositoryConfigurationDelegate - Bootstrapping Spring Data JPA repositories in DEFAULT mode.
2024-05-16 17:44:05 [restartedMain] INFO  o.s.d.r.c.RepositoryConfigurationDelegate - Finished Spring Data repository scanning in 143 ms. Found 3 JPA repository interfaces.
2024-05-16 17:44:06 [restartedMain] INFO  o.s.b.w.e.tomcat.TomcatWebServer - Tomcat initialized with port 8080 (http)
2024-05-16 17:44:06 [restartedMain] INFO  o.a.coyote.http11.Http11NioProtocol - Initializing ProtocolHandler ["http-nio-8080"]
2024-05-16 17:44:07 [restartedMain] INFO  o.a.catalina.core.StandardService - Starting service [Tomcat]
2024-05-16 17:44:07 [restartedMain] INFO  o.a.catalina.core.StandardEngine - Starting Servlet engine: [Apache Tomcat/10.1.20]
2024-05-16 17:44:08 [restartedMain] INFO  o.a.c.c.C.[Tomcat].[localhost].[/] - Initializing Spring embedded WebApplicationContext
2024-05-16 17:44:08 [restartedMain] INFO  o.s.b.w.s.c.ServletWebServerApplicationContext - Root WebApplicationContext: initialization completed in 4154 ms
2024-05-16 17:44:08 [restartedMain] INFO  o.h.jpa.internal.util.LogHelper - HHH000204: Processing PersistenceUnitInfo [name: default]
2024-05-16 17:44:08 [restartedMain] INFO  org.hibernate.Version - HHH000412: Hibernate ORM core version 6.4.4.Final
2024-05-16 17:44:08 [restartedMain] INFO  o.h.c.i.RegionFactoryInitiator - HHH000026: Second-level cache disabled
2024-05-16 17:44:09 [restartedMain] INFO  o.s.o.j.p.SpringPersistenceUnitInfo - No LoadTimeWeaver setup: ignoring JPA class transformer
2024-05-16 17:44:09 [restartedMain] INFO  com.zaxxer.hikari.HikariDataSource - HikariPool-1 - Starting...
2024-05-16 17:44:09 [restartedMain] INFO  com.zaxxer.hikari.pool.HikariPool - HikariPool-1 - Added connection com.mysql.cj.jdbc.ConnectionImpl@2a545a60
2024-05-16 17:44:09 [restartedMain] INFO  com.zaxxer.hikari.HikariDataSource - HikariPool-1 - Start completed.
2024-05-16 17:44:10 [restartedMain] WARN  org.hibernate.orm.deprecation - HHH90000025: MySQLDialect does not need to be specified explicitly using 'hibernate.dialect' (remove the property setting and it will be selected by default)
2024-05-16 17:44:11 [restartedMain] INFO  o.h.e.t.j.p.i.JtaPlatformInitiator - HHH000489: No JTA platform available (set 'hibernate.transaction.jta.platform' to enable JTA platform integration)
2024-05-16 17:44:12 [restartedMain] INFO  o.s.o.j.LocalContainerEntityManagerFactoryBean - Initialized JPA EntityManagerFactory for persistence unit 'default'
2024-05-16 17:44:13 [restartedMain] WARN  o.s.b.a.o.j.JpaBaseConfiguration$JpaWebConfiguration - spring.jpa.open-in-view is enabled by default. Therefore, database queries may be performed during view rendering. Explicitly configure spring.jpa.open-in-view to disable this warning
2024-05-16 17:44:14 [restartedMain] INFO  o.s.b.d.a.OptionalLiveReloadServer - LiveReload server is running on port 35729
2024-05-16 17:44:14 [restartedMain] INFO  o.a.coyote.http11.Http11NioProtocol - Starting ProtocolHandler ["http-nio-8080"]
2024-05-16 17:44:14 [restartedMain] INFO  o.s.b.w.e.tomcat.TomcatWebServer - Tomcat started on port 8080 (http) with context path ''
2024-05-16 17:44:14 [restartedMain] INFO  com.example.demo.DemoApplication - Started DemoApplication in 10.81 seconds (process running for 11.994)
2024-05-16 17:47:05 [restartedMain] INFO  com.example.demo.DemoApplication - Starting DemoApplication using Java 17.0.11 with PID 14308 (C:\Users\abu_mulla\Desktop\Microservice-LoggerAssignment\target\classes started by abu_mulla in C:\Users\abu_mulla\Desktop\Microservice-LoggerAssignment)
2024-05-16 17:47:05 [restartedMain] INFO  com.example.demo.DemoApplication - No active profile set, falling back to 1 default profile: "default"
2024-05-16 17:47:05 [restartedMain] INFO  o.s.b.d.e.DevToolsPropertyDefaultsPostProcessor - Devtools property defaults active! Set 'spring.devtools.add-properties' to 'false' to disable
2024-05-16 17:47:05 [restartedMain] INFO  o.s.b.d.e.DevToolsPropertyDefaultsPostProcessor - For additional web related logging consider setting the 'logging.level.web' property to 'DEBUG'
2024-05-16 17:47:07 [restartedMain] INFO  o.s.d.r.c.RepositoryConfigurationDelegate - Bootstrapping Spring Data JPA repositories in DEFAULT mode.
2024-05-16 17:47:07 [restartedMain] INFO  o.s.d.r.c.RepositoryConfigurationDelegate - Finished Spring Data repository scanning in 103 ms. Found 3 JPA repository interfaces.
2024-05-16 17:47:08 [restartedMain] INFO  o.s.b.w.e.tomcat.TomcatWebServer - Tomcat initialized with port 8080 (http)
2024-05-16 17:47:08 [restartedMain] INFO  o.a.coyote.http11.Http11NioProtocol - Initializing ProtocolHandler ["http-nio-8080"]
2024-05-16 17:47:08 [restartedMain] INFO  o.a.catalina.core.StandardService - Starting service [Tomcat]
2024-05-16 17:47:08 [restartedMain] INFO  o.a.catalina.core.StandardEngine - Starting Servlet engine: [Apache Tomcat/10.1.20]
2024-05-16 17:47:08 [restartedMain] INFO  o.a.c.c.C.[Tomcat].[localhost].[/] - Initializing Spring embedded WebApplicationContext
2024-05-16 17:47:08 [restartedMain] INFO  o.s.b.w.s.c.ServletWebServerApplicationContext - Root WebApplicationContext: initialization completed in 3050 ms
2024-05-16 17:47:08 [restartedMain] INFO  o.h.jpa.internal.util.LogHelper - HHH000204: Processing PersistenceUnitInfo [name: default]
2024-05-16 17:47:09 [restartedMain] INFO  org.hibernate.Version - HHH000412: Hibernate ORM core version 6.4.4.Final
2024-05-16 17:47:09 [restartedMain] INFO  o.h.c.i.RegionFactoryInitiator - HHH000026: Second-level cache disabled
2024-05-16 17:47:09 [restartedMain] INFO  o.s.o.j.p.SpringPersistenceUnitInfo - No LoadTimeWeaver setup: ignoring JPA class transformer
2024-05-16 17:47:09 [restartedMain] INFO  com.zaxxer.hikari.HikariDataSource - HikariPool-1 - Starting...
2024-05-16 17:47:10 [restartedMain] INFO  com.zaxxer.hikari.pool.HikariPool - HikariPool-1 - Added connection com.mysql.cj.jdbc.ConnectionImpl@49a0d54e
2024-05-16 17:47:10 [restartedMain] INFO  com.zaxxer.hikari.HikariDataSource - HikariPool-1 - Start completed.
2024-05-16 17:47:10 [restartedMain] WARN  org.hibernate.orm.deprecation - HHH90000025: MySQLDialect does not need to be specified explicitly using 'hibernate.dialect' (remove the property setting and it will be selected by default)
2024-05-16 17:47:11 [restartedMain] INFO  o.h.e.t.j.p.i.JtaPlatformInitiator - HHH000489: No JTA platform available (set 'hibernate.transaction.jta.platform' to enable JTA platform integration)
2024-05-16 17:47:11 [restartedMain] INFO  o.s.o.j.LocalContainerEntityManagerFactoryBean - Initialized JPA EntityManagerFactory for persistence unit 'default'
2024-05-16 17:47:12 [restartedMain] WARN  o.s.b.a.o.j.JpaBaseConfiguration$JpaWebConfiguration - spring.jpa.open-in-view is enabled by default. Therefore, database queries may be performed during view rendering. Explicitly configure spring.jpa.open-in-view to disable this warning
2024-05-16 17:47:12 [restartedMain] INFO  o.s.b.d.a.OptionalLiveReloadServer - LiveReload server is running on port 35729
2024-05-16 17:47:12 [restartedMain] INFO  o.a.coyote.http11.Http11NioProtocol - Starting ProtocolHandler ["http-nio-8080"]
2024-05-16 17:47:13 [restartedMain] INFO  o.s.b.w.e.tomcat.TomcatWebServer - Tomcat started on port 8080 (http) with context path ''
2024-05-16 17:47:13 [restartedMain] INFO  com.example.demo.DemoApplication - Started DemoApplication in 8.258 seconds (process running for 9.407)
2024-05-16 17:51:41 [http-nio-8080-exec-2] INFO  o.a.c.c.C.[Tomcat].[localhost].[/] - Initializing Spring DispatcherServlet 'dispatcherServlet'
2024-05-16 17:51:41 [http-nio-8080-exec-2] INFO  o.s.web.servlet.DispatcherServlet - Initializing Servlet 'dispatcherServlet'
2024-05-16 17:51:41 [http-nio-8080-exec-2] INFO  o.s.web.servlet.DispatcherServlet - Completed initialization in 2 ms
2024-05-16 17:51:41 [http-nio-8080-exec-2] INFO  c.example.demo.Services.UserService - User registered Successfully!
2024-05-16 17:54:22 [http-nio-8080-exec-5] INFO  c.e.demo.Services.ProductSerivce - Product added successfully
2024-05-16 17:54:38 [http-nio-8080-exec-6] INFO  c.e.demo.Services.ProductSerivce - Product added successfully
2024-05-16 17:55:00 [http-nio-8080-exec-7] INFO  c.e.demo.Services.ProductSerivce - Product added successfully
2024-05-16 17:59:32 [restartedMain] INFO  com.example.demo.DemoApplication - Starting DemoApplication using Java 17.0.11 with PID 14644 (C:\Users\abu_mulla\Desktop\Microservice-LoggerAssignment\target\classes started by abu_mulla in C:\Users\abu_mulla\Desktop\Microservice-LoggerAssignment)
2024-05-16 17:59:32 [restartedMain] INFO  com.example.demo.DemoApplication - No active profile set, falling back to 1 default profile: "default"
2024-05-16 17:59:32 [restartedMain] INFO  o.s.b.d.e.DevToolsPropertyDefaultsPostProcessor - Devtools property defaults active! Set 'spring.devtools.add-properties' to 'false' to disable
2024-05-16 17:59:32 [restartedMain] INFO  o.s.b.d.e.DevToolsPropertyDefaultsPostProcessor - For additional web related logging consider setting the 'logging.level.web' property to 'DEBUG'
2024-05-16 17:59:34 [restartedMain] INFO  o.s.d.r.c.RepositoryConfigurationDelegate - Bootstrapping Spring Data JPA repositories in DEFAULT mode.
2024-05-16 17:59:34 [restartedMain] INFO  o.s.d.r.c.RepositoryConfigurationDelegate - Finished Spring Data repository scanning in 198 ms. Found 3 JPA repository interfaces.
2024-05-16 17:59:36 [restartedMain] INFO  o.s.b.w.e.tomcat.TomcatWebServer - Tomcat initialized with port 8080 (http)
2024-05-16 17:59:36 [restartedMain] INFO  o.a.coyote.http11.Http11NioProtocol - Initializing ProtocolHandler ["http-nio-8080"]
2024-05-16 17:59:36 [restartedMain] INFO  o.a.catalina.core.StandardService - Starting service [Tomcat]
2024-05-16 17:59:36 [restartedMain] INFO  o.a.catalina.core.StandardEngine - Starting Servlet engine: [Apache Tomcat/10.1.20]
2024-05-16 17:59:36 [restartedMain] INFO  o.a.c.c.C.[Tomcat].[localhost].[/] - Initializing Spring embedded WebApplicationContext
2024-05-16 17:59:36 [restartedMain] INFO  o.s.b.w.s.c.ServletWebServerApplicationContext - Root WebApplicationContext: initialization completed in 3846 ms
2024-05-16 17:59:37 [restartedMain] INFO  o.h.jpa.internal.util.LogHelper - HHH000204: Processing PersistenceUnitInfo [name: default]
2024-05-16 17:59:37 [restartedMain] INFO  org.hibernate.Version - HHH000412: Hibernate ORM core version 6.4.4.Final
2024-05-16 17:59:38 [restartedMain] INFO  o.h.c.i.RegionFactoryInitiator - HHH000026: Second-level cache disabled
2024-05-16 17:59:38 [restartedMain] INFO  o.s.o.j.p.SpringPersistenceUnitInfo - No LoadTimeWeaver setup: ignoring JPA class transformer
2024-05-16 17:59:38 [restartedMain] INFO  com.zaxxer.hikari.HikariDataSource - HikariPool-1 - Starting...
2024-05-16 17:59:39 [restartedMain] INFO  com.zaxxer.hikari.pool.HikariPool - HikariPool-1 - Added connection com.mysql.cj.jdbc.ConnectionImpl@dc14052
2024-05-16 17:59:39 [restartedMain] INFO  com.zaxxer.hikari.HikariDataSource - HikariPool-1 - Start completed.
2024-05-16 17:59:39 [restartedMain] WARN  org.hibernate.orm.deprecation - HHH90000025: MySQLDialect does not need to be specified explicitly using 'hibernate.dialect' (remove the property setting and it will be selected by default)
2024-05-16 17:59:40 [restartedMain] INFO  o.h.e.t.j.p.i.JtaPlatformInitiator - HHH000489: No JTA platform available (set 'hibernate.transaction.jta.platform' to enable JTA platform integration)
2024-05-16 17:59:40 [restartedMain] INFO  o.s.o.j.LocalContainerEntityManagerFactoryBean - Initialized JPA EntityManagerFactory for persistence unit 'default'
2024-05-16 17:59:41 [restartedMain] WARN  o.s.b.a.o.j.JpaBaseConfiguration$JpaWebConfiguration - spring.jpa.open-in-view is enabled by default. Therefore, database queries may be performed during view rendering. Explicitly configure spring.jpa.open-in-view to disable this warning
2024-05-16 17:59:42 [restartedMain] INFO  o.s.b.d.a.OptionalLiveReloadServer - LiveReload server is running on port 35729
2024-05-16 17:59:42 [restartedMain] INFO  o.a.coyote.http11.Http11NioProtocol - Starting ProtocolHandler ["http-nio-8080"]
2024-05-16 17:59:42 [restartedMain] INFO  o.s.b.w.e.tomcat.TomcatWebServer - Tomcat started on port 8080 (http) with context path ''
2024-05-16 17:59:42 [restartedMain] INFO  com.example.demo.DemoApplication - Started DemoApplication in 10.558 seconds (process running for 11.568)
2024-05-16 18:00:01 [http-nio-8080-exec-2] INFO  o.a.c.c.C.[Tomcat].[localhost].[/] - Initializing Spring DispatcherServlet 'dispatcherServlet'
2024-05-16 18:00:01 [http-nio-8080-exec-2] INFO  o.s.web.servlet.DispatcherServlet - Initializing Servlet 'dispatcherServlet'
2024-05-16 18:00:01 [http-nio-8080-exec-2] INFO  o.s.web.servlet.DispatcherServlet - Completed initialization in 1 ms
2024-05-16 18:03:11 [http-nio-8080-exec-6] INFO  c.example.demo.Services.CartService - Product added to cart
2024-05-16 18:04:36 [http-nio-8080-exec-9] INFO  c.e.d.Interceptors.CartInterceptor - Date and Time of the request reaching the service: 2024-05-16T18:04:36.083856800
2024-05-16 18:04:36 [http-nio-8080-exec-9] INFO  c.e.d.Interceptors.CartInterceptor - Request being passed to the pre-handler.
2024-05-16 18:04:36 [http-nio-8080-exec-9] WARN  c.e.d.Interceptors.CartInterceptor - customerId and customerName should follow 4 and 10 length criteria respectively, without any number and special character!!
2024-05-16 18:04:52 [http-nio-8080-exec-10] INFO  c.e.d.Interceptors.CartInterceptor - Date and Time of the request reaching the service: 2024-05-16T18:04:52.515781800
2024-05-16 18:04:52 [http-nio-8080-exec-10] INFO  c.e.d.Interceptors.CartInterceptor - Request being passed to the pre-handler.
2024-05-16 18:04:52 [http-nio-8080-exec-10] WARN  c.e.d.Interceptors.CartInterceptor - customerId and customerName should follow 4 and 10 length criteria respectively, without any number and special character!!
2024-05-16 18:04:58 [http-nio-8080-exec-1] INFO  c.e.d.Interceptors.CartInterceptor - Date and Time of the request reaching the service: 2024-05-16T18:04:58.473911500
2024-05-16 18:04:58 [http-nio-8080-exec-1] INFO  c.e.d.Interceptors.CartInterceptor - Request being passed to the pre-handler.
2024-05-16 18:04:58 [http-nio-8080-exec-1] INFO  c.e.d.Interceptors.CartInterceptor - Request being passed to the service.
2024-05-16 18:04:58 [http-nio-8080-exec-1] INFO  c.e.d.Interceptors.CartInterceptor - Customer Id is 1234
2024-05-16 18:04:58 [http-nio-8080-exec-1] INFO  c.e.d.Interceptors.CartInterceptor - Customer Name is AbubakarMu
2024-05-16 18:04:58 [http-nio-8080-exec-1] INFO  c.e.d.Interceptors.CartInterceptor -  Response recieved from service.
2024-05-16 18:04:58 [http-nio-8080-exec-1] INFO  c.e.d.Interceptors.CartInterceptor - Response sent to client
2024-05-17 10:21:24 [restartedMain] INFO  com.example.demo.DemoApplication - Starting DemoApplication using Java 17.0.11 with PID 20948 (C:\Users\abu_mulla\Desktop\Microservice-LoggerAssignment\target\classes started by abu_mulla in C:\Users\abu_mulla\Desktop\Microservice-LoggerAssignment)
2024-05-17 10:21:24 [restartedMain] INFO  com.example.demo.DemoApplication - No active profile set, falling back to 1 default profile: "default"
2024-05-17 10:21:24 [restartedMain] INFO  o.s.b.d.e.DevToolsPropertyDefaultsPostProcessor - Devtools property defaults active! Set 'spring.devtools.add-properties' to 'false' to disable
2024-05-17 10:21:24 [restartedMain] INFO  o.s.b.d.e.DevToolsPropertyDefaultsPostProcessor - For additional web related logging consider setting the 'logging.level.web' property to 'DEBUG'
2024-05-17 10:21:25 [restartedMain] INFO  o.s.d.r.c.RepositoryConfigurationDelegate - Bootstrapping Spring Data JPA repositories in DEFAULT mode.
2024-05-17 10:21:26 [restartedMain] INFO  o.s.d.r.c.RepositoryConfigurationDelegate - Finished Spring Data repository scanning in 103 ms. Found 3 JPA repository interfaces.
2024-05-17 10:21:26 [restartedMain] INFO  o.s.b.w.e.tomcat.TomcatWebServer - Tomcat initialized with port 8080 (http)
2024-05-17 10:21:26 [restartedMain] INFO  o.a.coyote.http11.Http11NioProtocol - Initializing ProtocolHandler ["http-nio-8080"]
2024-05-17 10:21:26 [restartedMain] INFO  o.a.catalina.core.StandardService - Starting service [Tomcat]
2024-05-17 10:21:26 [restartedMain] INFO  o.a.catalina.core.StandardEngine - Starting Servlet engine: [Apache Tomcat/10.1.20]
2024-05-17 10:21:27 [restartedMain] INFO  o.a.c.c.C.[Tomcat].[localhost].[/] - Initializing Spring embedded WebApplicationContext
2024-05-17 10:21:27 [restartedMain] INFO  o.s.b.w.s.c.ServletWebServerApplicationContext - Root WebApplicationContext: initialization completed in 2212 ms
2024-05-17 10:21:27 [restartedMain] INFO  o.h.jpa.internal.util.LogHelper - HHH000204: Processing PersistenceUnitInfo [name: default]
2024-05-17 10:21:27 [restartedMain] INFO  org.hibernate.Version - HHH000412: Hibernate ORM core version 6.4.4.Final
2024-05-17 10:21:27 [restartedMain] INFO  o.h.c.i.RegionFactoryInitiator - HHH000026: Second-level cache disabled
2024-05-17 10:21:28 [restartedMain] INFO  o.s.o.j.p.SpringPersistenceUnitInfo - No LoadTimeWeaver setup: ignoring JPA class transformer
2024-05-17 10:21:28 [restartedMain] INFO  com.zaxxer.hikari.HikariDataSource - HikariPool-1 - Starting...
2024-05-17 10:21:28 [restartedMain] INFO  com.zaxxer.hikari.pool.HikariPool - HikariPool-1 - Added connection com.mysql.cj.jdbc.ConnectionImpl@2a194897
2024-05-17 10:21:28 [restartedMain] INFO  com.zaxxer.hikari.HikariDataSource - HikariPool-1 - Start completed.
2024-05-17 10:21:28 [restartedMain] WARN  org.hibernate.orm.deprecation - HHH90000025: MySQLDialect does not need to be specified explicitly using 'hibernate.dialect' (remove the property setting and it will be selected by default)
2024-05-17 10:21:30 [restartedMain] INFO  o.h.e.t.j.p.i.JtaPlatformInitiator - HHH000489: No JTA platform available (set 'hibernate.transaction.jta.platform' to enable JTA platform integration)
2024-05-17 10:21:30 [restartedMain] INFO  o.s.o.j.LocalContainerEntityManagerFactoryBean - Initialized JPA EntityManagerFactory for persistence unit 'default'
2024-05-17 10:21:30 [restartedMain] WARN  o.s.b.a.o.j.JpaBaseConfiguration$JpaWebConfiguration - spring.jpa.open-in-view is enabled by default. Therefore, database queries may be performed during view rendering. Explicitly configure spring.jpa.open-in-view to disable this warning
2024-05-17 10:21:31 [restartedMain] INFO  o.s.b.d.a.OptionalLiveReloadServer - LiveReload server is running on port 35729
2024-05-17 10:21:31 [restartedMain] INFO  o.a.coyote.http11.Http11NioProtocol - Starting ProtocolHandler ["http-nio-8080"]
2024-05-17 10:21:31 [restartedMain] INFO  o.s.b.w.e.tomcat.TomcatWebServer - Tomcat started on port 8080 (http) with context path ''
2024-05-17 10:21:31 [restartedMain] INFO  com.example.demo.DemoApplication - Started DemoApplication in 7.288 seconds (process running for 8.346)
2024-05-17 10:23:49 [http-nio-8080-exec-1] INFO  o.a.c.c.C.[Tomcat].[localhost].[/] - Initializing Spring DispatcherServlet 'dispatcherServlet'
2024-05-17 10:23:49 [http-nio-8080-exec-1] INFO  o.s.web.servlet.DispatcherServlet - Initializing Servlet 'dispatcherServlet'
2024-05-17 10:23:49 [http-nio-8080-exec-1] INFO  o.s.web.servlet.DispatcherServlet - Completed initialization in 1 ms
2024-05-17 10:23:49 [http-nio-8080-exec-1] INFO  c.example.demo.Services.UserService - User registered Successfully!
2024-05-17 10:25:05 [http-nio-8080-exec-6] INFO  c.e.demo.Services.ProductSerivce - Product added successfully
2024-05-17 10:27:33 [http-nio-8080-exec-9] INFO  c.example.demo.Services.CartService - Product added to cart
2024-05-17 10:28:32 [http-nio-8080-exec-7] INFO  c.example.demo.Services.CartService - Product added to cart
2024-05-17 10:29:07 [http-nio-8080-exec-3] INFO  c.e.d.Interceptors.CartInterceptor - Date and Time of the request reaching the service: 2024-05-17T10:29:07.635131
2024-05-17 10:29:07 [http-nio-8080-exec-3] INFO  c.e.d.Interceptors.CartInterceptor - Request being passed to the pre-handler.
2024-05-17 10:29:07 [http-nio-8080-exec-3] WARN  c.e.d.Interceptors.CartInterceptor - customerId and customerName should follow 4 and 10 length criteria respectively, without any number and special character!!
2024-05-17 10:30:08 [SpringApplicationShutdownHook] INFO  o.s.o.j.LocalContainerEntityManagerFactoryBean - Closing JPA EntityManagerFactory for persistence unit 'default'
2024-05-17 10:30:08 [SpringApplicationShutdownHook] INFO  com.zaxxer.hikari.HikariDataSource - HikariPool-1 - Shutdown initiated...
2024-05-17 10:30:08 [SpringApplicationShutdownHook] INFO  com.zaxxer.hikari.HikariDataSource - HikariPool-1 - Shutdown completed.
2024-05-17 10:36:43 [restartedMain] INFO  com.example.demo.DemoApplication - Starting DemoApplication using Java 17.0.11 with PID 19072 (C:\Users\abu_mulla\Desktop\Microservice-LoggerAssignment\target\classes started by abu_mulla in C:\Users\abu_mulla\Desktop\Microservice-LoggerAssignment)
2024-05-17 10:36:43 [restartedMain] INFO  com.example.demo.DemoApplication - No active profile set, falling back to 1 default profile: "default"
2024-05-17 10:36:43 [restartedMain] INFO  o.s.b.d.e.DevToolsPropertyDefaultsPostProcessor - Devtools property defaults active! Set 'spring.devtools.add-properties' to 'false' to disable
2024-05-17 10:36:43 [restartedMain] INFO  o.s.b.d.e.DevToolsPropertyDefaultsPostProcessor - For additional web related logging consider setting the 'logging.level.web' property to 'DEBUG'
2024-05-17 10:36:45 [restartedMain] INFO  o.s.d.r.c.RepositoryConfigurationDelegate - Bootstrapping Spring Data JPA repositories in DEFAULT mode.
2024-05-17 10:36:45 [restartedMain] INFO  o.s.d.r.c.RepositoryConfigurationDelegate - Finished Spring Data repository scanning in 205 ms. Found 3 JPA repository interfaces.
2024-05-17 10:36:46 [restartedMain] INFO  o.s.b.w.e.tomcat.TomcatWebServer - Tomcat initialized with port 8080 (http)
2024-05-17 10:36:46 [restartedMain] INFO  o.a.coyote.http11.Http11NioProtocol - Initializing ProtocolHandler ["http-nio-8080"]
2024-05-17 10:36:46 [restartedMain] INFO  o.a.catalina.core.StandardService - Starting service [Tomcat]
2024-05-17 10:36:46 [restartedMain] INFO  o.a.catalina.core.StandardEngine - Starting Servlet engine: [Apache Tomcat/10.1.20]
2024-05-17 10:36:46 [restartedMain] INFO  o.a.c.c.C.[Tomcat].[localhost].[/] - Initializing Spring embedded WebApplicationContext
2024-05-17 10:36:46 [restartedMain] INFO  o.s.b.w.s.c.ServletWebServerApplicationContext - Root WebApplicationContext: initialization completed in 3005 ms
2024-05-17 10:36:46 [restartedMain] INFO  o.h.jpa.internal.util.LogHelper - HHH000204: Processing PersistenceUnitInfo [name: default]
2024-05-17 10:36:47 [restartedMain] INFO  org.hibernate.Version - HHH000412: Hibernate ORM core version 6.4.4.Final
2024-05-17 10:36:47 [restartedMain] INFO  o.h.c.i.RegionFactoryInitiator - HHH000026: Second-level cache disabled
2024-05-17 10:36:47 [restartedMain] INFO  o.s.o.j.p.SpringPersistenceUnitInfo - No LoadTimeWeaver setup: ignoring JPA class transformer
2024-05-17 10:36:47 [restartedMain] INFO  com.zaxxer.hikari.HikariDataSource - HikariPool-1 - Starting...
2024-05-17 10:36:48 [restartedMain] INFO  com.zaxxer.hikari.pool.HikariPool - HikariPool-1 - Added connection com.mysql.cj.jdbc.ConnectionImpl@48d368a8
2024-05-17 10:36:48 [restartedMain] INFO  com.zaxxer.hikari.HikariDataSource - HikariPool-1 - Start completed.
2024-05-17 10:36:48 [restartedMain] WARN  org.hibernate.orm.deprecation - HHH90000025: MySQLDialect does not need to be specified explicitly using 'hibernate.dialect' (remove the property setting and it will be selected by default)
2024-05-17 10:36:49 [restartedMain] INFO  o.h.e.t.j.p.i.JtaPlatformInitiator - HHH000489: No JTA platform available (set 'hibernate.transaction.jta.platform' to enable JTA platform integration)
2024-05-17 10:36:49 [restartedMain] INFO  o.s.o.j.LocalContainerEntityManagerFactoryBean - Initialized JPA EntityManagerFactory for persistence unit 'default'
2024-05-17 10:36:50 [restartedMain] WARN  o.s.b.a.o.j.JpaBaseConfiguration$JpaWebConfiguration - spring.jpa.open-in-view is enabled by default. Therefore, database queries may be performed during view rendering. Explicitly configure spring.jpa.open-in-view to disable this warning
2024-05-17 10:36:51 [restartedMain] INFO  o.s.b.d.a.OptionalLiveReloadServer - LiveReload server is running on port 35729
2024-05-17 10:36:51 [restartedMain] INFO  o.a.coyote.http11.Http11NioProtocol - Starting ProtocolHandler ["http-nio-8080"]
2024-05-17 10:36:51 [restartedMain] INFO  o.s.b.w.e.tomcat.TomcatWebServer - Tomcat started on port 8080 (http) with context path ''
2024-05-17 10:36:51 [restartedMain] INFO  com.example.demo.DemoApplication - Started DemoApplication in 8.53 seconds (process running for 9.637)
2024-05-17 10:37:10 [http-nio-8080-exec-1] INFO  o.a.c.c.C.[Tomcat].[localhost].[/] - Initializing Spring DispatcherServlet 'dispatcherServlet'
2024-05-17 10:37:10 [http-nio-8080-exec-1] INFO  o.s.web.servlet.DispatcherServlet - Initializing Servlet 'dispatcherServlet'
2024-05-17 10:37:10 [http-nio-8080-exec-1] INFO  o.s.web.servlet.DispatcherServlet - Completed initialization in 1 ms
2024-05-17 10:37:10 [http-nio-8080-exec-1] INFO  c.e.d.Interceptors.CartInterceptor - Date and Time of the request reaching the service: 2024-05-17T10:37:10.428344500
2024-05-17 10:37:10 [http-nio-8080-exec-1] INFO  c.e.d.Interceptors.CartInterceptor - Request being passed to the pre-handler.
2024-05-17 10:37:10 [http-nio-8080-exec-1] WARN  c.e.d.Interceptors.CartInterceptor - customerId and customerName should follow 4 and 10 length criteria respectively, without any number and special character!!
2024-05-17 10:37:52 [File Watcher] INFO  o.s.b.d.a.LocalDevToolsAutoConfiguration$RestartingClassPathChangeChangedEventListener - Restarting due to 1 class path change (0 additions, 0 deletions, 1 modification)
2024-05-17 10:37:52 [Thread-5] INFO  o.a.coyote.http11.Http11NioProtocol - Stopping ProtocolHandler ["http-nio-8080"]
2024-05-17 10:37:52 [Thread-5] INFO  o.s.o.j.LocalContainerEntityManagerFactoryBean - Closing JPA EntityManagerFactory for persistence unit 'default'
2024-05-17 10:37:52 [Thread-5] INFO  com.zaxxer.hikari.HikariDataSource - HikariPool-1 - Shutdown initiated...
2024-05-17 10:37:52 [Thread-5] INFO  com.zaxxer.hikari.HikariDataSource - HikariPool-1 - Shutdown completed.
2024-05-17 10:37:52 [restartedMain] INFO  com.example.demo.DemoApplication - Starting DemoApplication using Java 17.0.11 with PID 19072 (C:\Users\abu_mulla\Desktop\Microservice-LoggerAssignment\target\classes started by abu_mulla in C:\Users\abu_mulla\Desktop\Microservice-LoggerAssignment)
2024-05-17 10:37:52 [restartedMain] INFO  com.example.demo.DemoApplication - No active profile set, falling back to 1 default profile: "default"
2024-05-17 10:37:53 [restartedMain] INFO  o.s.d.r.c.RepositoryConfigurationDelegate - Bootstrapping Spring Data JPA repositories in DEFAULT mode.
2024-05-17 10:37:53 [restartedMain] INFO  o.s.d.r.c.RepositoryConfigurationDelegate - Finished Spring Data repository scanning in 28 ms. Found 3 JPA repository interfaces.
2024-05-17 10:37:53 [restartedMain] INFO  o.s.b.w.e.tomcat.TomcatWebServer - Tomcat initialized with port 8080 (http)
2024-05-17 10:37:53 [restartedMain] INFO  o.a.coyote.http11.Http11NioProtocol - Initializing ProtocolHandler ["http-nio-8080"]
2024-05-17 10:37:53 [restartedMain] INFO  o.a.catalina.core.StandardService - Starting service [Tomcat]
2024-05-17 10:37:53 [restartedMain] INFO  o.a.catalina.core.StandardEngine - Starting Servlet engine: [Apache Tomcat/10.1.20]
2024-05-17 10:37:53 [restartedMain] INFO  o.a.c.c.C.[Tomcat].[localhost].[/] - Initializing Spring embedded WebApplicationContext
2024-05-17 10:37:53 [restartedMain] INFO  o.s.b.w.s.c.ServletWebServerApplicationContext - Root WebApplicationContext: initialization completed in 769 ms
2024-05-17 10:37:53 [restartedMain] INFO  o.h.jpa.internal.util.LogHelper - HHH000204: Processing PersistenceUnitInfo [name: default]
2024-05-17 10:37:53 [restartedMain] INFO  o.h.c.i.RegionFactoryInitiator - HHH000026: Second-level cache disabled
2024-05-17 10:37:53 [restartedMain] INFO  o.s.o.j.p.SpringPersistenceUnitInfo - No LoadTimeWeaver setup: ignoring JPA class transformer
2024-05-17 10:37:53 [restartedMain] INFO  com.zaxxer.hikari.HikariDataSource - HikariPool-2 - Starting...
2024-05-17 10:37:53 [restartedMain] INFO  com.zaxxer.hikari.pool.HikariPool - HikariPool-2 - Added connection com.mysql.cj.jdbc.ConnectionImpl@6d327f34
2024-05-17 10:37:53 [restartedMain] INFO  com.zaxxer.hikari.HikariDataSource - HikariPool-2 - Start completed.
2024-05-17 10:37:53 [restartedMain] WARN  org.hibernate.orm.deprecation - HHH90000025: MySQLDialect does not need to be specified explicitly using 'hibernate.dialect' (remove the property setting and it will be selected by default)
2024-05-17 10:37:54 [restartedMain] INFO  o.h.e.t.j.p.i.JtaPlatformInitiator - HHH000489: No JTA platform available (set 'hibernate.transaction.jta.platform' to enable JTA platform integration)
2024-05-17 10:37:56 [restartedMain] INFO  o.s.o.j.LocalContainerEntityManagerFactoryBean - Initialized JPA EntityManagerFactory for persistence unit 'default'
2024-05-17 10:37:56 [restartedMain] WARN  o.s.b.a.o.j.JpaBaseConfiguration$JpaWebConfiguration - spring.jpa.open-in-view is enabled by default. Therefore, database queries may be performed during view rendering. Explicitly configure spring.jpa.open-in-view to disable this warning
2024-05-17 10:37:56 [restartedMain] INFO  o.s.b.d.a.OptionalLiveReloadServer - LiveReload server is running on port 35729
2024-05-17 10:37:56 [restartedMain] INFO  o.a.coyote.http11.Http11NioProtocol - Starting ProtocolHandler ["http-nio-8080"]
2024-05-17 10:37:57 [restartedMain] INFO  o.s.b.w.e.tomcat.TomcatWebServer - Tomcat started on port 8080 (http) with context path ''
2024-05-17 10:37:57 [restartedMain] INFO  com.example.demo.DemoApplication - Started DemoApplication in 4.23 seconds (process running for 75.119)
2024-05-17 10:37:57 [restartedMain] INFO  o.s.b.d.a.ConditionEvaluationDeltaLoggingListener - Condition evaluation unchanged
2024-05-17 10:37:58 [File Watcher] INFO  o.s.b.d.a.LocalDevToolsAutoConfiguration$RestartingClassPathChangeChangedEventListener - Restarting due to 1 class path change (0 additions, 0 deletions, 1 modification)
2024-05-17 10:37:58 [Thread-7] INFO  o.a.coyote.http11.Http11NioProtocol - Stopping ProtocolHandler ["http-nio-8080"]
2024-05-17 10:37:58 [Thread-7] INFO  o.s.o.j.LocalContainerEntityManagerFactoryBean - Closing JPA EntityManagerFactory for persistence unit 'default'
2024-05-17 10:37:58 [Thread-7] INFO  com.zaxxer.hikari.HikariDataSource - HikariPool-2 - Shutdown initiated...
2024-05-17 10:37:58 [Thread-7] INFO  com.zaxxer.hikari.HikariDataSource - HikariPool-2 - Shutdown completed.
2024-05-17 10:37:58 [restartedMain] INFO  com.example.demo.DemoApplication - Starting DemoApplication using Java 17.0.11 with PID 19072 (C:\Users\abu_mulla\Desktop\Microservice-LoggerAssignment\target\classes started by abu_mulla in C:\Users\abu_mulla\Desktop\Microservice-LoggerAssignment)
2024-05-17 10:37:58 [restartedMain] INFO  com.example.demo.DemoApplication - No active profile set, falling back to 1 default profile: "default"
2024-05-17 10:37:59 [restartedMain] INFO  o.s.d.r.c.RepositoryConfigurationDelegate - Bootstrapping Spring Data JPA repositories in DEFAULT mode.
2024-05-17 10:37:59 [restartedMain] INFO  o.s.d.r.c.RepositoryConfigurationDelegate - Finished Spring Data repository scanning in 34 ms. Found 3 JPA repository interfaces.
2024-05-17 10:37:59 [restartedMain] INFO  o.s.b.w.e.tomcat.TomcatWebServer - Tomcat initialized with port 8080 (http)
2024-05-17 10:37:59 [restartedMain] INFO  o.a.coyote.http11.Http11NioProtocol - Initializing ProtocolHandler ["http-nio-8080"]
2024-05-17 10:37:59 [restartedMain] INFO  o.a.catalina.core.StandardService - Starting service [Tomcat]
2024-05-17 10:37:59 [restartedMain] INFO  o.a.catalina.core.StandardEngine - Starting Servlet engine: [Apache Tomcat/10.1.20]
2024-05-17 10:37:59 [restartedMain] INFO  o.a.c.c.C.[Tomcat].[localhost].[/] - Initializing Spring embedded WebApplicationContext
2024-05-17 10:37:59 [restartedMain] INFO  o.s.b.w.s.c.ServletWebServerApplicationContext - Root WebApplicationContext: initialization completed in 600 ms
2024-05-17 10:37:59 [restartedMain] INFO  o.h.jpa.internal.util.LogHelper - HHH000204: Processing PersistenceUnitInfo [name: default]
2024-05-17 10:37:59 [restartedMain] INFO  o.h.c.i.RegionFactoryInitiator - HHH000026: Second-level cache disabled
2024-05-17 10:37:59 [restartedMain] INFO  o.s.o.j.p.SpringPersistenceUnitInfo - No LoadTimeWeaver setup: ignoring JPA class transformer
2024-05-17 10:37:59 [restartedMain] INFO  com.zaxxer.hikari.HikariDataSource - HikariPool-3 - Starting...
2024-05-17 10:37:59 [restartedMain] INFO  com.zaxxer.hikari.pool.HikariPool - HikariPool-3 - Added connection com.mysql.cj.jdbc.ConnectionImpl@3fbe93f0
2024-05-17 10:37:59 [restartedMain] INFO  com.zaxxer.hikari.HikariDataSource - HikariPool-3 - Start completed.
2024-05-17 10:37:59 [restartedMain] WARN  org.hibernate.orm.deprecation - HHH90000025: MySQLDialect does not need to be specified explicitly using 'hibernate.dialect' (remove the property setting and it will be selected by default)
2024-05-17 10:37:59 [restartedMain] INFO  o.h.e.t.j.p.i.JtaPlatformInitiator - HHH000489: No JTA platform available (set 'hibernate.transaction.jta.platform' to enable JTA platform integration)
2024-05-17 10:37:59 [restartedMain] INFO  o.s.o.j.LocalContainerEntityManagerFactoryBean - Initialized JPA EntityManagerFactory for persistence unit 'default'
2024-05-17 10:37:59 [restartedMain] WARN  o.s.b.a.o.j.JpaBaseConfiguration$JpaWebConfiguration - spring.jpa.open-in-view is enabled by default. Therefore, database queries may be performed during view rendering. Explicitly configure spring.jpa.open-in-view to disable this warning
2024-05-17 10:37:59 [restartedMain] INFO  o.s.b.d.a.OptionalLiveReloadServer - LiveReload server is running on port 35729
2024-05-17 10:38:00 [restartedMain] INFO  o.a.coyote.http11.Http11NioProtocol - Starting ProtocolHandler ["http-nio-8080"]
2024-05-17 10:38:00 [restartedMain] INFO  o.s.b.w.e.tomcat.TomcatWebServer - Tomcat started on port 8080 (http) with context path ''
2024-05-17 10:38:00 [restartedMain] INFO  com.example.demo.DemoApplication - Started DemoApplication in 1.39 seconds (process running for 78.118)
2024-05-17 10:38:00 [restartedMain] INFO  o.s.b.d.a.ConditionEvaluationDeltaLoggingListener - Condition evaluation unchanged
2024-05-17 10:38:07 [http-nio-8080-exec-3] INFO  o.a.c.c.C.[Tomcat].[localhost].[/] - Initializing Spring DispatcherServlet 'dispatcherServlet'
2024-05-17 10:38:07 [http-nio-8080-exec-3] INFO  o.s.web.servlet.DispatcherServlet - Initializing Servlet 'dispatcherServlet'
2024-05-17 10:38:07 [http-nio-8080-exec-3] INFO  o.s.web.servlet.DispatcherServlet - Completed initialization in 0 ms
2024-05-17 10:38:07 [http-nio-8080-exec-3] INFO  c.e.d.Interceptors.CartInterceptor - Date and Time of the request reaching the service: 2024-05-17T10:38:07.851444400
2024-05-17 10:38:07 [http-nio-8080-exec-3] INFO  c.e.d.Interceptors.CartInterceptor - Request being passed to the pre-handler.
2024-05-17 10:38:07 [http-nio-8080-exec-3] WARN  c.e.d.Interceptors.CartInterceptor - customerId and customerName should follow 4 and 10 length criteria respectively, without any number and special character!!
2024-05-17 10:38:07 [http-nio-8080-exec-3] INFO  c.e.d.Interceptors.CartInterceptor - Customer Id is 1234
2024-05-17 10:38:07 [http-nio-8080-exec-3] INFO  c.e.d.Interceptors.CartInterceptor - Customer Name is Tarun MGAQ
2024-05-17 10:39:30 [http-nio-8080-exec-6] INFO  c.e.d.Interceptors.CartInterceptor - Date and Time of the request reaching the service: 2024-05-17T10:39:30.373277100
2024-05-17 10:39:30 [http-nio-8080-exec-6] INFO  c.e.d.Interceptors.CartInterceptor - Request being passed to the pre-handler.
2024-05-17 10:39:30 [http-nio-8080-exec-6] INFO  c.e.d.Interceptors.CartInterceptor - Request being passed to the service.
2024-05-17 10:39:30 [http-nio-8080-exec-6] INFO  c.e.d.Interceptors.CartInterceptor - Customer Id is 1234
2024-05-17 10:39:30 [http-nio-8080-exec-6] INFO  c.e.d.Interceptors.CartInterceptor - Customer Name is TarunMGAQP
2024-05-17 10:39:30 [http-nio-8080-exec-6] INFO  c.e.d.Interceptors.CartInterceptor -  Response recieved from service.
2024-05-17 10:39:30 [http-nio-8080-exec-6] INFO  c.e.d.Interceptors.CartInterceptor - Response sent to client
2024-05-17 10:39:59 [http-nio-8080-exec-7] INFO  c.e.d.Interceptors.CartInterceptor - Date and Time of the request reaching the service: 2024-05-17T10:39:59.476027600
2024-05-17 10:39:59 [http-nio-8080-exec-7] INFO  c.e.d.Interceptors.CartInterceptor - Request being passed to the pre-handler.
2024-05-17 10:39:59 [http-nio-8080-exec-7] WARN  c.e.d.Interceptors.CartInterceptor - customerId and customerName should follow 4 and 10 length criteria respectively, without any number and special character!!
2024-05-17 10:39:59 [http-nio-8080-exec-7] INFO  c.e.d.Interceptors.CartInterceptor - Customer Id is 1234
2024-05-17 10:39:59 [http-nio-8080-exec-7] INFO  c.e.d.Interceptors.CartInterceptor - Customer Name is TarunMGAQ
2024-05-17 10:40:26 [http-nio-8080-exec-5] INFO  c.e.d.Interceptors.CartInterceptor - Date and Time of the request reaching the service: 2024-05-17T10:40:26.337517300
2024-05-17 10:40:26 [http-nio-8080-exec-5] INFO  c.e.d.Interceptors.CartInterceptor - Request being passed to the pre-handler.
2024-05-17 10:40:26 [http-nio-8080-exec-5] WARN  c.e.d.Interceptors.CartInterceptor - customerId and customerName should follow 4 and 10 length criteria respectively, without any number and special character!!
2024-05-17 10:40:26 [http-nio-8080-exec-5] INFO  c.e.d.Interceptors.CartInterceptor - Customer Id is 1234
2024-05-17 10:40:26 [http-nio-8080-exec-5] INFO  c.e.d.Interceptors.CartInterceptor - Customer Name is TarunMGAQ
2024-05-17 10:40:30 [http-nio-8080-exec-9] INFO  c.e.d.Interceptors.CartInterceptor - Date and Time of the request reaching the service: 2024-05-17T10:40:30.645939800
2024-05-17 10:40:30 [http-nio-8080-exec-9] INFO  c.e.d.Interceptors.CartInterceptor - Request being passed to the pre-handler.
2024-05-17 10:40:30 [http-nio-8080-exec-9] INFO  c.e.d.Interceptors.CartInterceptor - Request being passed to the service.
2024-05-17 10:40:30 [http-nio-8080-exec-9] INFO  c.e.d.Interceptors.CartInterceptor - Customer Id is 1234
2024-05-17 10:40:30 [http-nio-8080-exec-9] INFO  c.e.d.Interceptors.CartInterceptor - Customer Name is TarunMGAQP
2024-05-17 10:40:30 [http-nio-8080-exec-9] INFO  c.e.d.Interceptors.CartInterceptor -  Response recieved from service.
2024-05-17 10:40:30 [http-nio-8080-exec-9] INFO  c.e.d.Interceptors.CartInterceptor - Response sent to client
2024-05-17 10:40:34 [http-nio-8080-exec-10] INFO  c.e.d.Interceptors.CartInterceptor - Date and Time of the request reaching the service: 2024-05-17T10:40:34.382087
2024-05-17 10:40:34 [http-nio-8080-exec-10] INFO  c.e.d.Interceptors.CartInterceptor - Request being passed to the pre-handler.
2024-05-17 10:40:34 [http-nio-8080-exec-10] WARN  c.e.d.Interceptors.CartInterceptor - customerId and customerName should follow 4 and 10 length criteria respectively, without any number and special character!!
2024-05-17 10:40:34 [http-nio-8080-exec-10] INFO  c.e.d.Interceptors.CartInterceptor - Customer Id is 123
2024-05-17 10:40:34 [http-nio-8080-exec-10] INFO  c.e.d.Interceptors.CartInterceptor - Customer Name is TarunMGAQP
2024-05-17 10:40:39 [http-nio-8080-exec-8] INFO  c.e.d.Interceptors.CartInterceptor - Date and Time of the request reaching the service: 2024-05-17T10:40:39.040678600
2024-05-17 10:40:39 [http-nio-8080-exec-8] INFO  c.e.d.Interceptors.CartInterceptor - Request being passed to the pre-handler.
2024-05-17 10:40:39 [http-nio-8080-exec-8] INFO  c.e.d.Interceptors.CartInterceptor - Request being passed to the service.
2024-05-17 10:40:39 [http-nio-8080-exec-8] INFO  c.e.d.Interceptors.CartInterceptor - Customer Id is 1235
2024-05-17 10:40:39 [http-nio-8080-exec-8] INFO  c.e.d.Interceptors.CartInterceptor - Customer Name is TarunMGAQP
2024-05-17 10:40:39 [http-nio-8080-exec-8] INFO  c.e.d.Interceptors.CartInterceptor -  Response recieved from service.
2024-05-17 10:40:39 [http-nio-8080-exec-8] INFO  c.e.d.Interceptors.CartInterceptor - Response sent to client
2024-05-17 10:40:46 [http-nio-8080-exec-2] INFO  c.e.d.Interceptors.CartInterceptor - Date and Time of the request reaching the service: 2024-05-17T10:40:46.575522700
2024-05-17 10:40:46 [http-nio-8080-exec-2] INFO  c.e.d.Interceptors.CartInterceptor - Request being passed to the pre-handler.
2024-05-17 10:40:46 [http-nio-8080-exec-2] INFO  c.e.d.Interceptors.CartInterceptor - Request being passed to the service.
2024-05-17 10:40:46 [http-nio-8080-exec-2] INFO  c.e.d.Interceptors.CartInterceptor - Customer Id is 1234
2024-05-17 10:40:46 [http-nio-8080-exec-2] INFO  c.e.d.Interceptors.CartInterceptor - Customer Name is TarunMGAQP
2024-05-17 10:40:46 [http-nio-8080-exec-2] INFO  c.e.d.Interceptors.CartInterceptor -  Response recieved from service.
2024-05-17 10:40:46 [http-nio-8080-exec-2] INFO  c.e.d.Interceptors.CartInterceptor - Response sent to client
2024-05-17 10:51:10 [restartedMain] INFO  com.example.demo.DemoApplication - Starting DemoApplication using Java 17.0.11 with PID 7288 (C:\Users\abu_mulla\Desktop\Microservice-LoggerAssignment\target\classes started by abu_mulla in C:\Users\abu_mulla\Desktop\Microservice-LoggerAssignment)
2024-05-17 10:51:10 [restartedMain] INFO  com.example.demo.DemoApplication - No active profile set, falling back to 1 default profile: "default"
2024-05-17 10:51:10 [restartedMain] INFO  o.s.b.d.e.DevToolsPropertyDefaultsPostProcessor - Devtools property defaults active! Set 'spring.devtools.add-properties' to 'false' to disable
2024-05-17 10:51:10 [restartedMain] INFO  o.s.b.d.e.DevToolsPropertyDefaultsPostProcessor - For additional web related logging consider setting the 'logging.level.web' property to 'DEBUG'
2024-05-17 10:51:12 [restartedMain] INFO  o.s.d.r.c.RepositoryConfigurationDelegate - Bootstrapping Spring Data JPA repositories in DEFAULT mode.
2024-05-17 10:51:12 [restartedMain] INFO  o.s.d.r.c.RepositoryConfigurationDelegate - Finished Spring Data repository scanning in 115 ms. Found 3 JPA repository interfaces.
2024-05-17 10:51:13 [restartedMain] INFO  o.s.b.w.e.tomcat.TomcatWebServer - Tomcat initialized with port 8080 (http)
2024-05-17 10:51:13 [restartedMain] INFO  o.a.coyote.http11.Http11NioProtocol - Initializing ProtocolHandler ["http-nio-8080"]
2024-05-17 10:51:13 [restartedMain] INFO  o.a.catalina.core.StandardService - Starting service [Tomcat]
2024-05-17 10:51:13 [restartedMain] INFO  o.a.catalina.core.StandardEngine - Starting Servlet engine: [Apache Tomcat/10.1.20]
2024-05-17 10:51:13 [restartedMain] INFO  o.a.c.c.C.[Tomcat].[localhost].[/] - Initializing Spring embedded WebApplicationContext
2024-05-17 10:51:13 [restartedMain] INFO  o.s.b.w.s.c.ServletWebServerApplicationContext - Root WebApplicationContext: initialization completed in 2702 ms
2024-05-17 10:51:14 [restartedMain] INFO  o.h.jpa.internal.util.LogHelper - HHH000204: Processing PersistenceUnitInfo [name: default]
2024-05-17 10:51:14 [restartedMain] INFO  org.hibernate.Version - HHH000412: Hibernate ORM core version 6.4.4.Final
2024-05-17 10:51:14 [restartedMain] INFO  o.h.c.i.RegionFactoryInitiator - HHH000026: Second-level cache disabled
2024-05-17 10:51:15 [restartedMain] INFO  o.s.o.j.p.SpringPersistenceUnitInfo - No LoadTimeWeaver setup: ignoring JPA class transformer
2024-05-17 10:51:15 [restartedMain] INFO  com.zaxxer.hikari.HikariDataSource - HikariPool-1 - Starting...
2024-05-17 10:51:15 [restartedMain] INFO  com.zaxxer.hikari.pool.HikariPool - HikariPool-1 - Added connection com.mysql.cj.jdbc.ConnectionImpl@1df6750d
2024-05-17 10:51:15 [restartedMain] INFO  com.zaxxer.hikari.HikariDataSource - HikariPool-1 - Start completed.
2024-05-17 10:51:16 [restartedMain] WARN  org.hibernate.orm.deprecation - HHH90000025: MySQLDialect does not need to be specified explicitly using 'hibernate.dialect' (remove the property setting and it will be selected by default)
2024-05-17 10:51:17 [restartedMain] INFO  o.h.e.t.j.p.i.JtaPlatformInitiator - HHH000489: No JTA platform available (set 'hibernate.transaction.jta.platform' to enable JTA platform integration)
2024-05-17 10:51:17 [restartedMain] INFO  o.s.o.j.LocalContainerEntityManagerFactoryBean - Initialized JPA EntityManagerFactory for persistence unit 'default'
2024-05-17 10:51:18 [restartedMain] WARN  o.s.b.a.o.j.JpaBaseConfiguration$JpaWebConfiguration - spring.jpa.open-in-view is enabled by default. Therefore, database queries may be performed during view rendering. Explicitly configure spring.jpa.open-in-view to disable this warning
2024-05-17 10:51:18 [restartedMain] INFO  o.s.b.d.a.OptionalLiveReloadServer - LiveReload server is running on port 35729
2024-05-17 10:51:18 [restartedMain] INFO  o.a.coyote.http11.Http11NioProtocol - Starting ProtocolHandler ["http-nio-8080"]
2024-05-17 10:51:18 [restartedMain] INFO  o.s.b.w.e.tomcat.TomcatWebServer - Tomcat started on port 8080 (http) with context path ''
2024-05-17 10:51:18 [restartedMain] INFO  com.example.demo.DemoApplication - Started DemoApplication in 8.59 seconds (process running for 9.819)
2024-05-17 10:52:01 [http-nio-8080-exec-1] INFO  o.a.c.c.C.[Tomcat].[localhost].[/] - Initializing Spring DispatcherServlet 'dispatcherServlet'
2024-05-17 10:52:01 [http-nio-8080-exec-1] INFO  o.s.web.servlet.DispatcherServlet - Initializing Servlet 'dispatcherServlet'
2024-05-17 10:52:01 [http-nio-8080-exec-1] INFO  o.s.web.servlet.DispatcherServlet - Completed initialization in 3 ms
2024-05-17 10:52:02 [http-nio-8080-exec-1] INFO  c.example.demo.Services.UserService - User registered Successfully!
2024-05-17 10:53:00 [http-nio-8080-exec-3] INFO  c.e.demo.Services.ProductSerivce - Product added successfully
2024-05-17 10:53:44 [http-nio-8080-exec-5] INFO  c.example.demo.Services.CartService - Product added to cart
2024-05-17 10:54:06 [http-nio-8080-exec-7] INFO  c.e.d.Interceptors.CartInterceptor - Date and Time of the request reaching the service: 2024-05-17T10:54:06.899425300
2024-05-17 10:54:06 [http-nio-8080-exec-7] INFO  c.e.d.Interceptors.CartInterceptor - Request being passed to the pre-handler.
2024-05-17 10:54:06 [http-nio-8080-exec-7] INFO  c.e.d.Interceptors.CartInterceptor - Request being passed to the service.
2024-05-17 10:54:06 [http-nio-8080-exec-7] INFO  c.e.d.Interceptors.CartInterceptor - Customer Id is 1234
2024-05-17 10:54:06 [http-nio-8080-exec-7] INFO  c.e.d.Interceptors.CartInterceptor - Customer Name is TejaswiniR
2024-05-17 10:54:06 [http-nio-8080-exec-7] INFO  c.e.d.Interceptors.CartInterceptor -  Response recieved from service.
2024-05-17 10:54:06 [http-nio-8080-exec-7] INFO  c.e.d.Interceptors.CartInterceptor - Response sent to client
2024-05-17 10:54:15 [http-nio-8080-exec-6] INFO  c.e.d.Interceptors.CartInterceptor - Date and Time of the request reaching the service: 2024-05-17T10:54:15.021513800
2024-05-17 10:54:15 [http-nio-8080-exec-6] INFO  c.e.d.Interceptors.CartInterceptor - Request being passed to the pre-handler.
2024-05-17 10:54:15 [http-nio-8080-exec-6] WARN  c.e.d.Interceptors.CartInterceptor - customerId and customerName should follow 4 and 10 length criteria respectively, without any number and special character!!
2024-05-17 10:54:15 [http-nio-8080-exec-6] INFO  c.e.d.Interceptors.CartInterceptor - Customer Id is 1234
2024-05-17 10:54:15 [http-nio-8080-exec-6] INFO  c.e.d.Interceptors.CartInterceptor - Customer Name is Tejaswini
2024-05-17 10:54:20 [http-nio-8080-exec-8] INFO  c.e.d.Interceptors.CartInterceptor - Date and Time of the request reaching the service: 2024-05-17T10:54:20.080005800
2024-05-17 10:54:20 [http-nio-8080-exec-8] INFO  c.e.d.Interceptors.CartInterceptor - Request being passed to the pre-handler.
2024-05-17 10:54:20 [http-nio-8080-exec-8] INFO  c.e.d.Interceptors.CartInterceptor - Request being passed to the service.
2024-05-17 10:54:20 [http-nio-8080-exec-8] INFO  c.e.d.Interceptors.CartInterceptor - Customer Id is 1234
2024-05-17 10:54:20 [http-nio-8080-exec-8] INFO  c.e.d.Interceptors.CartInterceptor - Customer Name is TejaswiniR
2024-05-17 10:54:20 [http-nio-8080-exec-8] INFO  c.e.d.Interceptors.CartInterceptor -  Response recieved from service.
2024-05-17 10:54:20 [http-nio-8080-exec-8] INFO  c.e.d.Interceptors.CartInterceptor - Response sent to client
2024-05-17 10:54:29 [http-nio-8080-exec-9] INFO  c.e.d.Interceptors.CartInterceptor - Date and Time of the request reaching the service: 2024-05-17T10:54:29.593485
2024-05-17 10:54:29 [http-nio-8080-exec-9] INFO  c.e.d.Interceptors.CartInterceptor - Request being passed to the pre-handler.
2024-05-17 10:54:29 [http-nio-8080-exec-9] WARN  c.e.d.Interceptors.CartInterceptor - customerId and customerName should follow 4 and 10 length criteria respectively, without any number and special character!!
2024-05-17 10:54:29 [http-nio-8080-exec-9] INFO  c.e.d.Interceptors.CartInterceptor - Customer Id is 123
2024-05-17 10:54:29 [http-nio-8080-exec-9] INFO  c.e.d.Interceptors.CartInterceptor - Customer Name is TejaswiniR
2024-05-17 10:54:33 [http-nio-8080-exec-10] INFO  c.e.d.Interceptors.CartInterceptor - Date and Time of the request reaching the service: 2024-05-17T10:54:33.572697100
2024-05-17 10:54:33 [http-nio-8080-exec-10] INFO  c.e.d.Interceptors.CartInterceptor - Request being passed to the pre-handler.
2024-05-17 10:54:33 [http-nio-8080-exec-10] INFO  c.e.d.Interceptors.CartInterceptor - Request being passed to the service.
2024-05-17 10:54:33 [http-nio-8080-exec-10] INFO  c.e.d.Interceptors.CartInterceptor - Customer Id is 1235
2024-05-17 10:54:33 [http-nio-8080-exec-10] INFO  c.e.d.Interceptors.CartInterceptor - Customer Name is TejaswiniR
2024-05-17 10:54:33 [http-nio-8080-exec-10] INFO  c.e.d.Interceptors.CartInterceptor -  Response recieved from service.
2024-05-17 10:54:33 [http-nio-8080-exec-10] INFO  c.e.d.Interceptors.CartInterceptor - Response sent to client
2024-05-17 10:54:40 [http-nio-8080-exec-2] INFO  c.e.d.Interceptors.CartInterceptor - Date and Time of the request reaching the service: 2024-05-17T10:54:40.058006600
2024-05-17 10:54:40 [http-nio-8080-exec-2] INFO  c.e.d.Interceptors.CartInterceptor - Request being passed to the pre-handler.
2024-05-17 10:54:40 [http-nio-8080-exec-2] INFO  c.e.d.Interceptors.CartInterceptor - Request being passed to the service.
2024-05-17 10:54:40 [http-nio-8080-exec-2] INFO  c.e.d.Interceptors.CartInterceptor - Customer Id is 1234
2024-05-17 10:54:40 [http-nio-8080-exec-2] INFO  c.e.d.Interceptors.CartInterceptor - Customer Name is TejaswiniR
2024-05-17 10:54:40 [http-nio-8080-exec-2] INFO  c.e.d.Interceptors.CartInterceptor -  Response recieved from service.
2024-05-17 10:54:40 [http-nio-8080-exec-2] INFO  c.e.d.Interceptors.CartInterceptor - Response sent to client
2024-05-17 10:54:52 [http-nio-8080-exec-1] INFO  c.e.d.Interceptors.CartInterceptor - Date and Time of the request reaching the service: 2024-05-17T10:54:52.840795900
2024-05-17 10:54:52 [http-nio-8080-exec-1] INFO  c.e.d.Interceptors.CartInterceptor - Request being passed to the pre-handler.
2024-05-17 10:54:52 [http-nio-8080-exec-1] WARN  c.e.d.Interceptors.CartInterceptor - customerId and customerName should follow 4 and 10 length criteria respectively, without any number and special character!!
2024-05-17 10:54:52 [http-nio-8080-exec-1] INFO  c.e.d.Interceptors.CartInterceptor - Customer Id is 1234
2024-05-17 10:54:52 [http-nio-8080-exec-1] INFO  c.e.d.Interceptors.CartInterceptor - Customer Name is TejaswiiR
2024-05-17 10:54:58 [http-nio-8080-exec-3] INFO  c.e.d.Interceptors.CartInterceptor - Date and Time of the request reaching the service: 2024-05-17T10:54:58.724682700
2024-05-17 10:54:58 [http-nio-8080-exec-3] INFO  c.e.d.Interceptors.CartInterceptor - Request being passed to the pre-handler.
2024-05-17 10:54:58 [http-nio-8080-exec-3] INFO  c.e.d.Interceptors.CartInterceptor - Request being passed to the service.
2024-05-17 10:54:58 [http-nio-8080-exec-3] INFO  c.e.d.Interceptors.CartInterceptor - Customer Id is 1234
2024-05-17 10:54:58 [http-nio-8080-exec-3] INFO  c.e.d.Interceptors.CartInterceptor - Customer Name is TejaswiniR
2024-05-17 10:54:58 [http-nio-8080-exec-3] INFO  c.e.d.Interceptors.CartInterceptor -  Response recieved from service.
2024-05-17 10:54:58 [http-nio-8080-exec-3] INFO  c.e.d.Interceptors.CartInterceptor - Response sent to client
2024-05-17 10:56:01 [http-nio-8080-exec-7] INFO  c.example.demo.Services.UserService - User registered Successfully!
